<?xml version="1.0" encoding="UTF-8"?>
<!-- Generated by org.testng.reporters.JUnitReportReporter -->
<testsuite hostname="INPNB77889" failures="0" tests="1" name="Arrays.CharArray" time="0.013" errors="0" timestamp="2023-04-23T12:54:08 IST" skipped="0">
  <testcase classname="Arrays.CharArray" name="charArrayLearning" time="0.013"/>
  <system-out/>
</testsuite> <!-- Arrays.CharArray -->
