<?xml version="1.0" encoding="UTF-8"?>
<!-- Generated by org.testng.reporters.JUnitReportReporter -->
<testsuite hostname="INPNB77889" failures="0" tests="1" name="Arrays.MultiDimensionalArrays" time="0.025" errors="0" timestamp="2023-03-08T12:00:22 IST" skipped="0">
  <testcase classname="Arrays.MultiDimensionalArrays" name="test" time="0.025"/>
  <system-out/>
</testsuite> <!-- Arrays.MultiDimensionalArrays -->
